C:\Program Files (x86)\Microsoft Visual Studio\2019\Community\MSBuild\Microsoft\VC\v160\Microsoft.CppBuild.targets(491,5): warning MSB8028: The intermediate directory (x64\Debug\) contains files shared from another project (NoShader.vcxproj, Project1.vcxproj).  This can lead to incorrect clean and rebuild behavior.
  main.cpp
C:\Users\csuser\Desktop\CS334\Homework\Program2\main.cpp(112,56): warning C4244: 'argument': conversion from 'double' to 'GLfloat', possible loss of data
C:\Users\csuser\Desktop\CS334\Homework\Program2\main.cpp(112,49): warning C4244: 'argument': conversion from 'double' to 'GLfloat', possible loss of data
C:\Users\csuser\Desktop\CS334\Homework\Program2\main.cpp(119,57): warning C4244: 'argument': conversion from 'double' to 'GLfloat', possible loss of data
C:\Users\csuser\Desktop\CS334\Homework\Program2\main.cpp(119,50): warning C4244: 'argument': conversion from 'double' to 'GLfloat', possible loss of data
C:\Users\csuser\Desktop\CS334\Homework\Program2\main.cpp(139,77): warning C4244: 'argument': conversion from 'int' to 'float', possible loss of data
C:\Users\csuser\Desktop\CS334\Homework\Program2\main.cpp(139,58): warning C4244: 'argument': conversion from 'int' to 'float', possible loss of data
C:\Users\csuser\Desktop\CS334\Homework\Program2\main.cpp(140,77): warning C4244: 'argument': conversion from 'int' to 'float', possible loss of data
C:\Users\csuser\Desktop\CS334\Homework\Program2\main.cpp(140,58): warning C4244: 'argument': conversion from 'int' to 'float', possible loss of data
C:\Users\csuser\Desktop\CS334\Homework\Program2\main.cpp(163,53): warning C4244: 'argument': conversion from 'double' to 'GLfloat', possible loss of data
C:\Users\csuser\Desktop\CS334\Homework\Program2\main.cpp(163,46): warning C4244: 'argument': conversion from 'double' to 'GLfloat', possible loss of data
C:\Users\csuser\Desktop\CS334\Homework\Program2\main.cpp(174,13): warning C4244: 'initializing': conversion from 'double' to 'float', possible loss of data
C:\Users\csuser\Desktop\CS334\Homework\Program2\main.cpp(182,13): warning C4244: 'initializing': conversion from 'double' to 'float', possible loss of data
C:\Users\csuser\Desktop\CS334\Homework\Program2\main.cpp(184,14): warning C4244: 'initializing': conversion from 'float' to 'int', possible loss of data
C:\Users\csuser\Desktop\CS334\Homework\Program2\main.cpp(195,13): warning C4244: 'initializing': conversion from 'double' to 'float', possible loss of data
C:\Users\csuser\Desktop\CS334\Homework\Program2\main.cpp(197,14): warning C4244: 'initializing': conversion from 'float' to 'int', possible loss of data
C:\Users\csuser\Desktop\CS334\Homework\Program2\main.cpp(207,13): warning C4244: 'initializing': conversion from 'double' to 'float', possible loss of data
C:\Users\csuser\Desktop\CS334\Homework\Program2\main.cpp(209,14): warning C4244: 'initializing': conversion from 'float' to 'int', possible loss of data
C:\Users\csuser\Desktop\CS334\Homework\Program2\main.cpp(229,21): warning C4244: 'initializing': conversion from 'double' to 'float', possible loss of data
  NoShader.vcxproj -> C:\Users\csuser\Desktop\CS334\Homework\Program2\x64\Debug\Program2.exe
